TN:
SF:src/DeployEscrow.sol
FN:27,DeployEscrow.submitRequest
FNDA:2,DeployEscrow.submitRequest
DA:33,2
FN:44,DeployEscrow.calculateFee
FNDA:3,DeployEscrow.calculateFee
DA:48,4
FN:55,DeployEscrow.reward
FNDA:1,DeployEscrow.reward
DA:60,1
DA:61,1
DA:64,1
DA:67,1
DA:68,1
DA:69,1
BRDA:69,0,0,-
BRDA:69,0,1,1
DA:70,1
BRDA:70,1,0,-
BRDA:70,1,1,1
DA:73,1
DA:76,1
BRDA:76,2,0,-
BRDA:76,2,1,1
DA:77,1
DA:78,1
BRDA:78,3,0,-
BRDA:78,3,1,1
DA:79,1
BRDA:79,4,0,-
BRDA:79,4,1,1
DA:80,1
DA:81,1
BRDA:81,5,0,-
BRDA:81,5,1,1
DA:84,1
BRDA:84,6,0,-
BRDA:84,6,1,1
DA:87,1
DA:88,1
BRDA:88,7,0,-
BRDA:88,7,1,1
FN:94,DeployEscrow.withdraw
FNDA:1,DeployEscrow.withdraw
DA:95,1
DA:96,1
BRDA:96,8,0,-
BRDA:96,8,1,1
DA:97,1
BRDA:97,9,0,-
BRDA:97,9,1,1
DA:102,1
DA:103,1
DA:104,1
BRDA:104,10,0,-
BRDA:104,10,1,1
FN:107,DeployEscrow.setOwner
FNDA:0,DeployEscrow.setOwner
DA:108,0
BRDA:108,11,0,-
BRDA:108,11,1,-
DA:109,0
FNF:5
FNH:4
LF:27
LH:25
BRF:24
BRH:11
end_of_record
TN:
SF:src/ExampleToken.sol
FN:22,ExampleToken.getDeploySecret
FNDA:1,ExampleToken.getDeploySecret
DA:23,1
FN:26,ExampleToken.setDeploySecret
FNDA:0,ExampleToken.setDeploySecret
DA:27,0
FNF:2
FNH:1
LF:2
LH:1
BRF:0
BRH:0
end_of_record
TN:
SF:src/TransactionEscrow.sol
FN:27,TransactionEscrow.submitRequest
FNDA:1,TransactionEscrow.submitRequest
DA:32,1
FN:42,TransactionEscrow.reward
FNDA:1,TransactionEscrow.reward
DA:47,1
DA:48,1
BRDA:48,0,0,-
BRDA:48,0,1,1
DA:50,1
DA:53,1
DA:54,1
BRDA:54,1,0,-
BRDA:54,1,1,1
DA:55,1
BRDA:55,2,0,-
BRDA:55,2,1,1
DA:58,1
DA:59,1
DA:60,1
BRDA:60,3,0,-
BRDA:60,3,1,1
DA:62,1
FN:68,TransactionEscrow.withdraw
FNDA:0,TransactionEscrow.withdraw
DA:69,0
DA:70,0
BRDA:70,4,0,-
BRDA:70,4,1,-
DA:71,0
BRDA:71,5,0,-
BRDA:71,5,1,-
DA:76,0
DA:77,0
DA:78,0
BRDA:78,6,0,-
BRDA:78,6,1,-
FNF:3
FNH:2
LF:17
LH:11
BRF:14
BRH:4
end_of_record
TN:
SF:src/lib/Multicall3.sol
FN:41,Multicall3.aggregate
FNDA:0,Multicall3.aggregate
DA:44,0
DA:45,0
DA:46,0
DA:47,0
DA:48,0
DA:49,0
DA:50,0
DA:51,0
DA:52,0
BRDA:52,0,0,-
BRDA:52,0,1,-
DA:54,0
FN:64,Multicall3.tryAggregate
FNDA:0,Multicall3.tryAggregate
DA:68,0
DA:69,0
DA:70,0
DA:71,0
DA:72,0
DA:73,0
DA:74,0
DA:77,0
BRDA:77,1,0,-
BRDA:77,1,1,-
DA:78,0
BRDA:78,2,0,-
BRDA:78,2,1,-
DA:80,0
FN:91,Multicall3.tryBlockAndAggregate
FNDA:0,Multicall3.tryBlockAndAggregate
DA:103,0
DA:104,0
DA:105,0
FN:114,Multicall3.blockAndAggregate
FNDA:0,Multicall3.blockAndAggregate
DA:125,0
FN:134,Multicall3.aggregate3
FNDA:0,Multicall3.aggregate3
DA:137,0
DA:138,0
DA:139,0
DA:140,0
DA:141,0
DA:142,0
DA:143,0
DA:149,0
BRDA:149,3,0,-
DA:174,0
FN:183,Multicall3.aggregate3Value
FNDA:1,Multicall3.aggregate3Value
DA:186,1
DA:187,1
DA:188,1
DA:189,1
DA:190,1
DA:191,1
DA:192,1
DA:193,1
DA:197,1
DA:199,1
DA:205,1
BRDA:205,4,0,-
DA:230,1
DA:234,1
BRDA:234,5,0,-
BRDA:234,5,1,1
FN:239,Multicall3.getBlockHash
FNDA:0,Multicall3.getBlockHash
DA:242,0
FN:246,Multicall3.getBlockNumber
FNDA:1,Multicall3.getBlockNumber
DA:247,1
FN:251,Multicall3.getCurrentBlockCoinbase
FNDA:0,Multicall3.getCurrentBlockCoinbase
DA:252,0
FN:256,Multicall3.getCurrentBlockDifficulty
FNDA:0,Multicall3.getCurrentBlockDifficulty
DA:261,0
FN:265,Multicall3.getCurrentBlockGasLimit
FNDA:0,Multicall3.getCurrentBlockGasLimit
DA:266,0
FN:270,Multicall3.getCurrentBlockTimestamp
FNDA:0,Multicall3.getCurrentBlockTimestamp
DA:275,0
FN:279,Multicall3.getEthBalance
FNDA:0,Multicall3.getEthBalance
DA:280,0
FN:284,Multicall3.getLastBlockHash
FNDA:0,Multicall3.getLastBlockHash
DA:286,0
FN:292,Multicall3.getBasefee
FNDA:0,Multicall3.getBasefee
DA:293,0
FN:297,Multicall3.getChainId
FNDA:0,Multicall3.getChainId
DA:298,0
FNF:16
FNH:2
LF:56
LH:14
BRF:10
BRH:1
end_of_record
